org.eclipse.m2e.logback.configuration: The org.eclipse.m2e.logback.configuration bundle was activated before the state location was initialized.  Will retry after the state location is initialized.
org.eclipse.m2e.logback.configuration: Logback config file: /home/matheus/eclipsephoton-workspace/.metadata/.plugins/org.eclipse.m2e.logback.configuration/logback.1.9.0.20180606-2036.xml
SLF4J: Class path contains multiple SLF4J bindings.
SLF4J: Found binding in [bundleresource://509.fwk886004375:1/org/slf4j/impl/StaticLoggerBinder.class]
SLF4J: Found binding in [bundleresource://509.fwk886004375:2/org/slf4j/impl/StaticLoggerBinder.class]
SLF4J: See http://www.slf4j.org/codes.html#multiple_bindings for an explanation.
SLF4J: Actual binding is of type [ch.qos.logback.classic.util.ContextSelectorStaticBinder]
org.eclipse.m2e.logback.configuration: Initializing logback
Transformer WrapMethodCallScript failed on org/eclipse/jdt/core/dom/ASTConverter. Trace:
java.lang.UnsupportedOperationException: This feature requires ASM5
	at org.objectweb.asm.MethodVisitor.visitInvokeDynamicInsn(MethodVisitor.java:459)
	at org.objectweb.asm.ClassReader.readCode(ClassReader.java:2237)
	at org.objectweb.asm.ClassReader.readMethod(ClassReader.java:1274)
	at org.objectweb.asm.ClassReader.accept(ClassReader.java:679)
	at org.objectweb.asm.ClassReader.accept(ClassReader.java:391)
	at lombok.patcher.PatchScript.runASM(PatchScript.java:111)
	at lombok.patcher.scripts.MethodLevelPatchScript.patch(MethodLevelPatchScript.java:53)
	at lombok.patcher.ScriptManager$OurClassFileTransformer.transform(ScriptManager.java:106)
	at sun.instrument.TransformerManager.transform(TransformerManager.java:188)
	at sun.instrument.InstrumentationImpl.transform(InstrumentationImpl.java:428)
	at java.lang.ClassLoader.defineClass1(Native Method)
	at java.lang.ClassLoader.defineClass(ClassLoader.java:763)
	at org.eclipse.osgi.internal.loader.ModuleClassLoader.defineClass(ModuleClassLoader.java:276)
	at org.eclipse.osgi.internal.loader.classpath.ClasspathManager.defineClass(ClasspathManager.java:632)
	at org.eclipse.osgi.internal.loader.classpath.ClasspathManager.findClassImpl(ClasspathManager.java:555)
	at org.eclipse.osgi.internal.loader.classpath.ClasspathManager.findLocalClassImpl(ClasspathManager.java:514)
	at org.eclipse.osgi.internal.loader.classpath.ClasspathManager.findLocalClass(ClasspathManager.java:501)
	at org.eclipse.osgi.internal.loader.ModuleClassLoader.findLocalClass(ModuleClassLoader.java:328)
	at org.eclipse.osgi.internal.loader.BundleLoader.findLocalClass(BundleLoader.java:392)
	at org.eclipse.osgi.internal.loader.BundleLoader.findClassInternal(BundleLoader.java:470)
	at org.eclipse.osgi.internal.loader.BundleLoader.findClass(BundleLoader.java:419)
	at org.eclipse.osgi.internal.loader.BundleLoader.findClass(BundleLoader.java:411)
	at org.eclipse.osgi.internal.loader.ModuleClassLoader.loadClass(ModuleClassLoader.java:150)
	at java.lang.ClassLoader.loadClass(ClassLoader.java:411)
	at lombok.launch.ShadowClassLoader.loadClass(ShadowClassLoader.java:530)
	at java.lang.ClassLoader.loadClass(ClassLoader.java:357)
	at java.lang.Class.forName0(Native Method)
	at java.lang.Class.forName(Class.java:264)
	at lombok.eclipse.agent.PatchValEclipse$Reflection.<clinit>(PatchValEclipse.java:326)
	at lombok.eclipse.agent.PatchValEclipse.copyInitializationOfLocalDeclaration(PatchValEclipse.java:85)
	at sun.reflect.NativeMethodAccessorImpl.invoke0(Native Method)
	at sun.reflect.NativeMethodAccessorImpl.invoke(NativeMethodAccessorImpl.java:62)
	at sun.reflect.DelegatingMethodAccessorImpl.invoke(DelegatingMethodAccessorImpl.java:43)
	at java.lang.reflect.Method.invoke(Method.java:498)
	at lombok.eclipse.agent.PatchValEclipsePortal.copyInitializationOfLocalDeclaration(PatchValEclipsePortal.java:58)
	at sun.reflect.NativeMethodAccessorImpl.invoke0(Native Method)
	at sun.reflect.NativeMethodAccessorImpl.invoke(NativeMethodAccessorImpl.java:62)
	at sun.reflect.DelegatingMethodAccessorImpl.invoke(DelegatingMethodAccessorImpl.java:43)
	at java.lang.reflect.Method.invoke(Method.java:498)
	at lombok.launch.PatchFixesHider$Util.invokeMethod(PatchFixesHider.java:115)
	at lombok.launch.PatchFixesHider$ValPortal.copyInitializationOfLocalDeclaration(PatchFixesHider.java:224)
	at org.eclipse.jdt.internal.compiler.parser.Parser.consumeExitVariableWithInitialization(Parser.java:3973)
	at org.eclipse.jdt.internal.compiler.SourceElementParser.consumeExitVariableWithInitialization(SourceElementParser.java:382)
	at org.eclipse.jdt.internal.compiler.parser.Parser.consumeRule(Parser.java:6798)
	at org.eclipse.jdt.internal.compiler.parser.Parser.parse(Parser.java:11672)
	at org.eclipse.jdt.internal.compiler.parser.Parser.parse(Parser.java:12025)
	at org.eclipse.jdt.internal.compiler.ast.MethodDeclaration.parseStatements(MethodDeclaration.java:195)
	at org.eclipse.jdt.internal.compiler.ast.TypeDeclaration.parseMethods(TypeDeclaration.java:897)
	at org.eclipse.jdt.internal.compiler.parser.Parser.getMethodBodies(Parser.java:10705)
	at org.eclipse.jdt.internal.compiler.SourceElementParser.parseCompilationUnit(SourceElementParser.java:1041)
	at org.eclipse.jdt.internal.core.CompilationUnit.buildStructure(CompilationUnit.java:194)
	at org.eclipse.jdt.internal.core.Openable.generateInfos(Openable.java:265)
	at org.eclipse.jdt.internal.core.SourceRefElement.generateInfos(SourceRefElement.java:110)
	at org.eclipse.jdt.internal.core.JavaElement.openWhenClosed(JavaElement.java:593)
	at org.eclipse.jdt.internal.core.JavaElement.getElementInfo(JavaElement.java:323)
	at org.eclipse.jdt.internal.core.JavaElement.getElementInfo(JavaElement.java:309)
	at org.eclipse.jdt.internal.core.SearchableEnvironment.find(SearchableEnvironment.java:177)
	at org.eclipse.jdt.internal.core.SearchableEnvironment.findType(SearchableEnvironment.java:471)
	at org.eclipse.jdt.internal.compiler.env.IModuleAwareNameEnvironment.findType(IModuleAwareNameEnvironment.java:96)
	at org.eclipse.jdt.internal.core.CancelableNameEnvironment.findType(CancelableNameEnvironment.java:50)
	at org.eclipse.jdt.internal.compiler.lookup.LookupEnvironment.askForType(LookupEnvironment.java:288)
	at org.eclipse.jdt.internal.compiler.lookup.PackageBinding.getTypeOrPackage(PackageBinding.java:259)
	at org.eclipse.jdt.internal.compiler.lookup.CompilationUnitScope.findImport(CompilationUnitScope.java:527)
	at org.eclipse.jdt.internal.compiler.lookup.CompilationUnitScope.findSingleImport(CompilationUnitScope.java:586)
	at org.eclipse.jdt.internal.compiler.lookup.CompilationUnitScope.faultInImports(CompilationUnitScope.java:435)
	at org.eclipse.jdt.internal.compiler.lookup.CompilationUnitScope.faultInTypes(CompilationUnitScope.java:501)
	at org.eclipse.jdt.internal.compiler.Compiler.resolve(Compiler.java:1045)
	at org.eclipse.jdt.internal.compiler.Compiler.resolve(Compiler.java:1097)
	at org.eclipse.jdt.internal.core.CompilationUnitProblemFinder.process(CompilationUnitProblemFinder.java:277)
	at org.eclipse.jdt.internal.core.CompilationUnitProblemFinder.process(CompilationUnitProblemFinder.java:343)
	at org.eclipse.jdt.internal.core.ReconcileWorkingCopyOperation.makeConsistent(ReconcileWorkingCopyOperation.java:190)
	at org.eclipse.jdt.internal.core.ReconcileWorkingCopyOperation.executeOperation(ReconcileWorkingCopyOperation.java:91)
	at org.eclipse.jdt.internal.core.JavaModelOperation.run(JavaModelOperation.java:733)
	at org.eclipse.jdt.internal.core.JavaModelOperation.runOperation(JavaModelOperation.java:799)
	at org.eclipse.jdt.internal.core.CompilationUnit.reconcile(CompilationUnit.java:1319)
	at org.eclipse.jdt.internal.ui.text.java.JavaReconcilingStrategy.reconcile(JavaReconcilingStrategy.java:128)
	at org.eclipse.jdt.internal.ui.text.java.JavaReconcilingStrategy.access$0(JavaReconcilingStrategy.java:110)
	at org.eclipse.jdt.internal.ui.text.java.JavaReconcilingStrategy$1.run(JavaReconcilingStrategy.java:90)
	at org.eclipse.core.runtime.SafeRunner.run(SafeRunner.java:42)
	at org.eclipse.jdt.internal.ui.text.java.JavaReconcilingStrategy.reconcile(JavaReconcilingStrategy.java:87)
	at org.eclipse.jdt.internal.ui.text.java.JavaReconcilingStrategy.initialReconcile(JavaReconcilingStrategy.java:185)
	at org.eclipse.jdt.internal.ui.text.CompositeReconcilingStrategy.initialReconcile(CompositeReconcilingStrategy.java:119)
	at org.eclipse.jdt.internal.ui.text.JavaCompositeReconcilingStrategy.initialReconcile(JavaCompositeReconcilingStrategy.java:136)
	at org.eclipse.jface.text.reconciler.MonoReconciler.initialProcess(MonoReconciler.java:95)
	at org.eclipse.jdt.internal.ui.text.JavaReconciler.initialProcess(JavaReconciler.java:420)
	at org.eclipse.jface.text.reconciler.AbstractReconciler$BackgroundThread.run(AbstractReconciler.java:174)
*** BUG ***
In pixman_region32_init_rect: Invalid rectangle passed
Set a breakpoint on '_pixman_log_error' to debug

*** BUG ***
In pixman_region32_init_rect: Invalid rectangle passed
Set a breakpoint on '_pixman_log_error' to debug

*** BUG ***
In pixman_region32_init_rect: Invalid rectangle passed
Set a breakpoint on '_pixman_log_error' to debug

*** BUG ***
In pixman_region32_init_rect: Invalid rectangle passed
Set a breakpoint on '_pixman_log_error' to debug

*** BUG ***
In pixman_region32_init_rect: Invalid rectangle passed
Set a breakpoint on '_pixman_log_error' to debug

Exception in thread "DisconnectableInputStream source reader" org.gradle.api.UncheckedIOException: java.io.IOException: Input Stream Closed
	at org.gradle.internal.UncheckedException.throwAsUncheckedException(UncheckedException.java:57)
	at org.gradle.internal.UncheckedException.throwAsUncheckedException(UncheckedException.java:40)
	at org.gradle.util.DisconnectableInputStream$1.run(DisconnectableInputStream.java:125)
	at java.lang.Thread.run(Thread.java:748)
Caused by: java.io.IOException: Input Stream Closed
	at org.eclipse.ui.console.IOConsoleInputStream.available(IOConsoleInputStream.java:268)
	at org.eclipse.ui.console.IOConsoleInputStream.read(IOConsoleInputStream.java:95)
	at org.gradle.util.DisconnectableInputStream$1.run(DisconnectableInputStream.java:96)
	... 1 more
